To honour the JVM settings for this build a single-use Daemon process will be forked. For more on this, please refer to https://docs.gradle.org/8.10/userguide/gradle_daemon.html#sec:disabling_the_daemon in the Gradle documentation.
Daemon will be stopped at the end of the build 

> Configure project :
Architect Plugin: 3.4.164
Architectury Loom: 1.7.435
You are using an outdated version of Architectury Loom! This version will not receive any support, please consider updating!

> Task :common:compileJava FAILED
F:\modmc\bc\for-mc\common\src\main\java\ltd\opens\mg\mc\client\gui\components\GuiNodeRenderer.java:211: 错误: 非法的表达式开始
    private static int getPortColor(GuiNode.NodePort port) {
    ^
1 个错误


FAILURE: Build failed with an exception.

* What went wrong:
Execution failed for task ':common:compileJava'.
> Compilation failed; see the compiler error output for details.

* Try:
> Run with --info option to get more log output.
> Run with --scan to get full insights.
Deprecated Gradle features were used in this build, making it incompatible with Gradle 9.0.

You can use '--warning-mode all' to show the individual deprecation warnings and determine if they come from your own scripts or plugins.


For more on this, please refer to https://docs.gradle.org/8.10/userguide/command_line_interface.html#sec:command_line_warnings in the Gradle documentation.
BUILD FAILED in 21s
1 actionable task: 1 executed
